% *** Initializing ND::TOARuntimeParameters
Got input file(s).
got inputs
declared things
branched tree
1709240 events
0.585055percent complete
1.17011percent complete
nan
1.75517percent complete
2.34022percent complete
2.92528percent complete
nan
3.51033percent complete
4.09539percent complete
4.68044percent complete
5.2655percent complete
5.85055percent complete
0
6.43561percent complete
7.02066percent complete
7.60572percent complete
8.19077percent complete
nan
8.77583percent complete
9.36089percent complete
9.94594percent complete
10.531percent complete
11.1161percent complete
0
11.7011percent complete
12.2862percent complete
12.8712percent complete
13.4563percent complete
14.0413percent complete
14.6264percent complete
15.2114percent complete
15.7965percent complete
16.3815percent complete
16.9666percent complete
17.5517percent complete
0
18.1367percent complete
0
18.7218percent complete
19.3068percent complete
19.8919percent complete
nan
20.4769percent complete
21.062percent complete
21.647percent complete
22.2321percent complete
22.8172percent complete
23.4022percent complete
23.9873percent complete
24.5723percent complete
25.1574percent complete
nan
25.7424percent complete
0
26.3275percent complete
26.9125percent complete
27.4976percent complete
28.0827percent complete
28.6677percent complete
29.2528percent complete
29.8378percent complete
30.4229percent complete
31.0079percent complete
31.593percent complete
32.178percent complete
32.7631percent complete
33.3482percent complete
33.9332percent complete
34.5183percent complete
35.1033percent complete
35.6884percent complete
36.2734percent complete
36.8585percent complete
37.4435percent complete
38.0286percent complete
38.6137percent complete
39.1987percent complete
39.7838percent complete
40.3688percent complete
0
40.9539percent complete
41.5389percent complete
42.124percent complete
42.709percent complete
43.2941percent complete
0
43.8792percent complete
nan
0
44.4642percent complete
45.0493percent complete
45.6343percent complete
46.2194percent complete
46.8044percent complete
47.3895percent complete
47.9745percent complete
48.5596percent complete
49.1446percent complete
0
49.7297percent complete
50.3148percent complete
50.8998percent complete
51.4849percent complete
52.0699percent complete
0
52.655percent complete
53.24percent complete
53.8251percent complete
54.4101percent complete
54.9952percent complete
55.5803percent complete
0
56.1653percent complete
0
56.7504percent complete
57.3354percent complete
57.9205percent complete
58.5055percent complete
59.0906percent complete
59.6756percent complete
60.2607percent complete
60.8458percent complete
61.4308percent complete
62.0159percent complete
62.6009percent complete
0
63.186percent complete
63.771percent complete
64.3561percent complete
64.9411percent complete
65.5262percent complete
66.1113percent complete
66.6963percent complete
67.2814percent complete
67.8664percent complete
68.4515percent complete
69.0365percent complete
69.6216percent complete
70.2066percent complete
70.7917percent complete
0
71.3768percent complete
71.9618percent complete
72.5469percent complete
73.1319percent complete
73.717percent complete
74.302percent complete
74.8871percent complete
75.4721percent complete
0
76.0572percent complete
76.6423percent complete
77.2273percent complete
77.8124percent complete
78.3974percent complete
78.9825percent complete
79.5675percent complete
80.1526percent complete
80.7376percent complete
0
81.3227percent complete
81.9077percent complete
82.4928percent complete
83.0779percent complete
83.6629percent complete
0
84.248percent complete
84.833percent complete
85.4181percent complete
86.0031percent complete
86.5882percent complete
87.1732percent complete
87.7583percent complete
88.3434percent complete
88.9284percent complete
89.5135percent complete
90.0985percent complete
90.6836percent complete
0
91.2686percent complete
91.8537percent complete
92.4387percent complete
93.0238percent complete
0
93.6089percent complete
94.1939percent complete
94.779percent complete
95.364percent complete
95.9491percent complete
96.5341percent complete
97.1192percent complete
nan
97.7042percent complete
98.2893percent complete
98.8744percent complete
99.4594percent complete
totNCES = 46148, totwithTPC = 8302, reconNCES = 8276
