% *** Initializing ND::TOARuntimeParameters
Got input file(s).
got inputs
declared things
branched tree
Processing event: 10000
Processing event: 20000
Processing event: 30000
Processing event: 40000
Processing event: 50000
Processing event: 60000
Processing event: 70000
Processing event: 80000
Processing event: 90000
Processing event: 100000
Processing event: 110000
Processing event: 120000
Processing event: 130000
Processing event: 140000
Processing event: 150000
Processing event: 160000
Processing event: 170000
Processing event: 180000
Processing event: 190000
Processing event: 200000
Processing event: 210000
Processing event: 220000
Processing event: 230000
Processing event: 240000
Processing event: 250000
Processing event: 260000
Processing event: 270000
Processing event: 280000
Processing event: 290000
Processing event: 300000
Processing event: 310000
Processing event: 320000
Processing event: 330000
Processing event: 340000
Processing event: 350000
Processing event: 360000
Processing event: 370000
Processing event: 380000
Processing event: 390000
Processing event: 400000
Processing event: 410000
Processing event: 420000
Processing event: 430000
Processing event: 440000
Processing event: 450000
Processing event: 460000
Processing event: 470000
Processing event: 480000
Processing event: 490000
Processing event: 500000
Processing event: 510000
Processing event: 520000
Processing event: 530000
Processing event: 540000
Processing event: 550000
Processing event: 560000
Processing event: 570000
Processing event: 580000
Processing event: 590000
Processing event: 600000
Processing event: 610000
Processing event: 620000
Processing event: 630000
Processing event: 640000
Processing event: 650000
Processing event: 660000
Processing event: 670000
Processing event: 680000
Processing event: 690000
Processing event: 700000
Processing event: 710000
Processing event: 720000
Processing event: 730000
Processing event: 740000
Processing event: 750000
Processing event: 760000
Processing event: 770000
Processing event: 780000
Processing event: 790000
Processing event: 800000
Processing event: 810000
Processing event: 820000
Processing event: 830000
Processing event: 840000
Processing event: 850000
Processing event: 860000
Processing event: 870000
Processing event: 880000
Processing event: 890000
Processing event: 900000
Processing event: 910000
Processing event: 920000
Processing event: 930000
Processing event: 940000
Processing event: 950000
Processing event: 960000
Processing event: 970000
Processing event: 980000
Processing event: 990000
Processing event: 1000000
Processing event: 1010000
Processing event: 1020000
Processing event: 1030000
Processing event: 1040000
Processing event: 1050000
Processing event: 1060000
Processing event: 1070000
Processing event: 1080000
Processing event: 1090000
Processing event: 1100000
Processing event: 1110000
Processing event: 1120000
Processing event: 1130000
Processing event: 1140000
Processing event: 1150000
Processing event: 1160000
Processing event: 1170000
Processing event: 1180000
Processing event: 1190000
Processing event: 1200000
Processing event: 1210000
Processing event: 1220000
Processing event: 1230000
Processing event: 1240000
Processing event: 1250000
Processing event: 1260000
Processing event: 1270000
Processing event: 1280000
Processing event: 1290000
Processing event: 1300000
Processing event: 1310000
Processing event: 1320000
Processing event: 1330000
Processing event: 1340000
Processing event: 1350000
Processing event: 1360000
Processing event: 1370000
Processing event: 1380000
Processing event: 1390000
Processing event: 1400000
Processing event: 1410000
Processing event: 1420000
Processing event: 1430000
Processing event: 1440000
Processing event: 1450000
Processing event: 1460000
Processing event: 1470000
Processing event: 1480000
Processing event: 1490000
Processing event: 1500000
Processing event: 1510000
Processing event: 1520000
Processing event: 1530000
Processing event: 1540000
Processing event: 1550000
Processing event: 1560000
Processing event: 1570000
Processing event: 1580000
Processing event: 1590000
Processing event: 1600000
Processing event: 1610000
Processing event: 1620000
Processing event: 1630000
Processing event: 1640000
Processing event: 1650000
Processing event: 1660000
Processing event: 1670000
Processing event: 1680000
Processing event: 1690000
Processing event: 1700000
filled tree
ratio of nces events in fgds = 0.00131966
