% *** Initializing ND::TOARuntimeParameters
Got input file(s).
got inputs
declared things
branched tree
Total of 2392526 entries
Looping over 2392526 events
0.417968 %% complete
fPOT = 2.04268e+17
0.835937 %% complete
fPOT = 3.17858e+17
1.2539 %% complete
fPOT = 4.25878e+17
1.67187 %% complete
fPOT = 4.31837e+17
2.08984 %% complete
fPOT = 6.52089e+17
2.50781 %% complete
fPOT = 8.80097e+17
2.92578 %% complete
fPOT = 1.09107e+18
3.34375 %% complete
fPOT = 1.31586e+18
3.76171 %% complete
fPOT = 1.54062e+18
4.17968 %% complete
fPOT = 1.69845e+18
4.59765 %% complete
fPOT = 1.69946e+18
5.01562 %% complete
fPOT = 1.95774e+18
5.43359 %% complete
fPOT = 2.24888e+18
5.85156 %% complete
fPOT = 2.50295e+18
6.26952 %% complete
fPOT = 2.78543e+18
6.68749 %% complete
fPOT = 3.05358e+18
7.10546 %% complete
fPOT = 3.34804e+18
7.52343 %% complete
fPOT = 3.63122e+18
7.9414 %% complete
fPOT = 3.87903e+18
8.35937 %% complete
fPOT = 4.0557e+18
8.77733 %% complete
fPOT = 4.2486e+18
9.1953 %% complete
fPOT = 4.48067e+18
9.61327 %% complete
fPOT = 4.75489e+18
10.0312 %% complete
fPOT = 5.12093e+18
10.4492 %% complete
fPOT = 5.48534e+18
10.8672 %% complete
fPOT = 5.81541e+18
11.2851 %% complete
fPOT = 6.19194e+18
11.7031 %% complete
fPOT = 6.62921e+18
12.1211 %% complete
fPOT = 7.06594e+18
12.539 %% complete
fPOT = 7.46882e+18
12.957 %% complete
fPOT = 7.90785e+18
13.375 %% complete
fPOT = 8.26132e+18
13.793 %% complete
fPOT = 8.64185e+18
14.2109 %% complete
fPOT = 8.82185e+18
14.6289 %% complete
fPOT = 9.14707e+18
15.0469 %% complete
fPOT = 9.5683e+18
15.4648 %% complete
fPOT = 9.94357e+18
15.8828 %% complete
fPOT = 1.02897e+19
16.3008 %% complete
fPOT = 1.06881e+19
16.7187 %% complete
fPOT = 1.10969e+19
17.1367 %% complete
fPOT = 1.15587e+19
17.5547 %% complete
fPOT = 1.19398e+19
17.9726 %% complete
fPOT = 1.22329e+19
18.3906 %% complete
fPOT = 1.25059e+19
18.8086 %% complete
fPOT = 1.26797e+19
19.2265 %% complete
fPOT = 1.29607e+19
19.6445 %% complete
fPOT = 1.32816e+19
20.0625 %% complete
fPOT = 1.36136e+19
20.4804 %% complete
fPOT = 1.39731e+19
20.8984 %% complete
fPOT = 1.42938e+19
21.3164 %% complete
fPOT = 1.46178e+19
21.7344 %% complete
fPOT = 1.494e+19
22.1523 %% complete
fPOT = 1.526e+19
22.5703 %% complete
fPOT = 1.55815e+19
22.9883 %% complete
fPOT = 1.58981e+19
23.4062 %% complete
fPOT = 1.62152e+19
23.8242 %% complete
fPOT = 1.65327e+19
24.2422 %% complete
fPOT = 1.6851e+19
24.6601 %% complete
fPOT = 1.71708e+19
25.0781 %% complete
fPOT = 1.74884e+19
25.4961 %% complete
fPOT = 1.78311e+19
25.914 %% complete
fPOT = 1.81844e+19
26.332 %% complete
fPOT = 1.85205e+19
26.75 %% complete
fPOT = 1.88342e+19
27.1679 %% complete
fPOT = 1.91493e+19
27.5859 %% complete
fPOT = 1.94658e+19
28.0039 %% complete
fPOT = 1.97804e+19
28.4218 %% complete
fPOT = 2.00933e+19
28.8398 %% complete
fPOT = 2.03794e+19
29.2578 %% complete
fPOT = 2.06975e+19
29.6757 %% complete
fPOT = 2.10274e+19
30.0937 %% complete
fPOT = 2.14323e+19
30.5117 %% complete
fPOT = 2.18634e+19
30.9297 %% complete
fPOT = 2.21836e+19
31.3476 %% complete
fPOT = 2.24555e+19
31.7656 %% complete
fPOT = 2.2813e+19
32.1836 %% complete
fPOT = 2.31468e+19
32.6015 %% complete
fPOT = 2.35704e+19
33.0195 %% complete
fPOT = 2.39057e+19
33.4375 %% complete
fPOT = 2.42729e+19
33.8554 %% complete
fPOT = 2.46529e+19
34.2734 %% complete
fPOT = 2.50057e+19
34.6914 %% complete
fPOT = 2.53481e+19
35.1093 %% complete
fPOT = 2.57159e+19
35.5273 %% complete
fPOT = 2.59667e+19
35.9453 %% complete
fPOT = 2.63407e+19
36.3632 %% complete
fPOT = 2.67221e+19
36.7812 %% complete
fPOT = 2.70926e+19
37.1992 %% complete
fPOT = 2.74725e+19
37.6171 %% complete
fPOT = 2.78474e+19
38.0351 %% complete
fPOT = 2.81891e+19
38.4531 %% complete
fPOT = 2.85542e+19
38.8711 %% complete
fPOT = 2.89271e+19
39.289 %% complete
fPOT = 2.92967e+19
39.707 %% complete
fPOT = 2.96777e+19
40.125 %% complete
fPOT = 2.99708e+19
40.5429 %% complete
fPOT = 2.99843e+19
40.9609 %% complete
fPOT = 2.99843e+19
41.3789 %% complete
fPOT = 2.99843e+19
41.7968 %% complete
fPOT = 2.99843e+19
42.2148 %% complete
fPOT = 2.99843e+19
42.6328 %% complete
fPOT = 2.99843e+19
43.0507 %% complete
fPOT = 2.99843e+19
43.4687 %% complete
fPOT = 3.01801e+19
43.8867 %% complete
fPOT = 3.07531e+19
44.3046 %% complete
fPOT = 3.13792e+19
44.7226 %% complete
fPOT = 3.19989e+19
45.1406 %% complete
fPOT = 3.26278e+19
45.5585 %% complete
fPOT = 3.32571e+19
45.9765 %% complete
fPOT = 3.3884e+19
46.3945 %% complete
fPOT = 3.44664e+19
46.8124 %% complete
fPOT = 3.50923e+19
47.2304 %% complete
fPOT = 3.57609e+19
47.6484 %% complete
fPOT = 3.64442e+19
48.0664 %% complete
fPOT = 3.71301e+19
48.4843 %% complete
fPOT = 3.78066e+19
48.9023 %% complete
fPOT = 3.84898e+19
49.3203 %% complete
fPOT = 3.91743e+19
49.7382 %% complete
fPOT = 3.98852e+19
50.1562 %% complete
fPOT = 4.06279e+19
50.5742 %% complete
fPOT = 4.13701e+19
50.9921 %% complete
fPOT = 4.21127e+19
51.4101 %% complete
fPOT = 4.28314e+19
51.8281 %% complete
fPOT = 4.29276e+19
52.246 %% complete
fPOT = 4.29276e+19
52.664 %% complete
fPOT = 4.29276e+19
53.082 %% complete
fPOT = 4.29276e+19
53.4999 %% complete
fPOT = 4.29276e+19
53.9179 %% complete
fPOT = 4.29276e+19
54.3359 %% complete
fPOT = 4.29276e+19
54.7538 %% complete
fPOT = 4.29276e+19
55.1718 %% complete
fPOT = 4.29276e+19
55.5898 %% complete
fPOT = 4.29276e+19
56.0078 %% complete
fPOT = 4.29276e+19
56.4257 %% complete
fPOT = 4.29276e+19
56.8437 %% complete
fPOT = 4.29276e+19
57.2617 %% complete
fPOT = 4.29276e+19
57.6796 %% complete
fPOT = 4.29276e+19
58.0976 %% complete
fPOT = 4.29276e+19
58.5156 %% complete
fPOT = 4.29276e+19
58.9335 %% complete
fPOT = 4.29276e+19
59.3515 %% complete
fPOT = 4.29276e+19
59.7695 %% complete
fPOT = 4.29276e+19
60.1874 %% complete
fPOT = 4.29276e+19
60.6054 %% complete
fPOT = 4.29276e+19
61.0234 %% complete
fPOT = 4.29276e+19
61.4413 %% complete
fPOT = 4.29276e+19
61.8593 %% complete
fPOT = 4.29276e+19
62.2773 %% complete
fPOT = 4.29276e+19
62.6952 %% complete
fPOT = 4.29276e+19
63.1132 %% complete
fPOT = 4.29276e+19
63.5312 %% complete
fPOT = 4.32934e+19
63.9491 %% complete
fPOT = 4.38352e+19
64.3671 %% complete
fPOT = 4.4341e+19
64.7851 %% complete
fPOT = 4.50243e+19
65.2031 %% complete
fPOT = 4.56898e+19
65.621 %% complete
fPOT = 4.63735e+19
66.039 %% complete
fPOT = 4.69827e+19
66.457 %% complete
fPOT = 4.76638e+19
66.8749 %% complete
fPOT = 4.83454e+19
67.2929 %% complete
fPOT = 4.90252e+19
67.7109 %% complete
fPOT = 4.97044e+19
68.1288 %% complete
fPOT = 5.03861e+19
68.5468 %% complete
fPOT = 5.10669e+19
68.9648 %% complete
fPOT = 5.1746e+19
69.3827 %% complete
fPOT = 5.241e+19
69.8007 %% complete
fPOT = 5.30571e+19
70.2187 %% complete
fPOT = 5.37438e+19
70.6366 %% complete
fPOT = 5.44321e+19
71.0546 %% complete
fPOT = 5.51225e+19
71.4726 %% complete
fPOT = 5.58071e+19
71.8905 %% complete
fPOT = 5.64995e+19
72.3085 %% complete
fPOT = 5.71922e+19
72.7265 %% complete
fPOT = 5.78804e+19
73.1445 %% complete
fPOT = 5.8632e+19
73.5624 %% complete
fPOT = 5.94087e+19
73.9804 %% complete
fPOT = 6.02173e+19
74.3984 %% complete
fPOT = 6.10173e+19
74.8163 %% complete
fPOT = 6.18269e+19
75.2343 %% complete
fPOT = 6.26375e+19
75.6523 %% complete
fPOT = 6.33154e+19
76.0702 %% complete
fPOT = 6.41278e+19
76.4882 %% complete
fPOT = 6.49384e+19
76.9062 %% complete
fPOT = 6.57477e+19
77.3241 %% complete
fPOT = 6.6533e+19
77.7421 %% complete
fPOT = 6.7328e+19
78.1601 %% complete
fPOT = 6.80868e+19
78.578 %% complete
fPOT = 6.88878e+19
78.996 %% complete
fPOT = 6.97005e+19
79.414 %% complete
fPOT = 7.05118e+19
79.8319 %% complete
fPOT = 7.13203e+19
80.2499 %% complete
fPOT = 7.20596e+19
80.6679 %% complete
fPOT = 7.27691e+19
81.0858 %% complete
fPOT = 7.27691e+19
81.5038 %% complete
fPOT = 7.29292e+19
81.9218 %% complete
fPOT = 7.37796e+19
82.3398 %% complete
fPOT = 7.46549e+19
82.7577 %% complete
fPOT = 7.55237e+19
83.1757 %% complete
fPOT = 7.64029e+19
83.5937 %% complete
fPOT = 7.72624e+19
84.0116 %% complete
fPOT = 7.8129e+19
84.4296 %% complete
fPOT = 7.90052e+19
84.8476 %% complete
fPOT = 7.98803e+19
85.2655 %% complete
fPOT = 8.07587e+19
85.6835 %% complete
fPOT = 8.16177e+19
86.1015 %% complete
fPOT = 8.23865e+19
86.5194 %% complete
fPOT = 8.31767e+19
86.9374 %% complete
fPOT = 8.39049e+19
87.3554 %% complete
fPOT = 8.46367e+19
87.7733 %% complete
fPOT = 8.53698e+19
88.1913 %% complete
fPOT = 8.60994e+19
88.6093 %% complete
fPOT = 8.67261e+19
89.0272 %% complete
fPOT = 8.7571e+19
89.4452 %% complete
fPOT = 8.84238e+19
89.8632 %% complete
fPOT = 8.92826e+19
90.2812 %% complete
fPOT = 9.01448e+19
90.6991 %% complete
fPOT = 9.10078e+19
91.1171 %% complete
fPOT = 9.1872e+19
91.5351 %% complete
fPOT = 9.27389e+19
91.953 %% complete
fPOT = 9.35307e+19
92.371 %% complete
fPOT = 9.41622e+19
92.789 %% complete
fPOT = 9.47934e+19
93.2069 %% complete
fPOT = 9.54246e+19
93.6249 %% complete
fPOT = 9.60607e+19
94.0429 %% complete
fPOT = 9.6748e+19
94.4608 %% complete
fPOT = 9.75582e+19
94.8788 %% complete
fPOT = 9.83879e+19
95.2968 %% complete
fPOT = 9.92272e+19
95.7147 %% complete
fPOT = 1.00095e+20
96.1327 %% complete
fPOT = 1.00972e+20
96.5507 %% complete
fPOT = 1.01847e+20
96.9686 %% complete
fPOT = 1.02735e+20
97.3866 %% complete
fPOT = 1.03516e+20
97.8046 %% complete
fPOT = 1.0441e+20
98.2225 %% complete
fPOT = 1.05304e+20
98.6405 %% complete
fPOT = 1.062e+20
99.0585 %% complete
fPOT = 1.07098e+20
99.4765 %% complete
fPOT = 1.07996e+20
99.8944 %% complete
fPOT = 1.08895e+20
filled tree
NTree = 8255
final fPOT = 1.09122e+20
