% *** Initializing ND::TOARuntimeParameters
Got input file(s).
got inputs
declared things
branched tree
Total of 2392526 entries
Looping over 2392526 events
0.417968 %% complete
fPOT = 2.22596e+17
0.835937 %% complete
fPOT = 4.21337e+17
1.2539 %% complete
fPOT = 6.37076e+17
1.67187 %% complete
fPOT = 8.62836e+17
2.08984 %% complete
fPOT = 1.09088e+18
2.50781 %% complete
fPOT = 1.31916e+18
2.92578 %% complete
fPOT = 1.54604e+18
3.34375 %% complete
fPOT = 1.77105e+18
3.76171 %% complete
fPOT = 1.99613e+18
4.17968 %% complete
fPOT = 2.203e+18
4.59765 %% complete
fPOT = 2.40531e+18
5.01562 %% complete
fPOT = 2.7012e+18
5.43359 %% complete
fPOT = 2.99773e+18
5.85156 %% complete
fPOT = 3.25715e+18
6.26952 %% complete
fPOT = 3.54022e+18
6.68749 %% complete
fPOT = 3.809e+18
7.10546 %% complete
fPOT = 4.10411e+18
7.52343 %% complete
fPOT = 4.38868e+18
7.9414 %% complete
fPOT = 4.6371e+18
8.35937 %% complete
fPOT = 4.81415e+18
8.77733 %% complete
fPOT = 5.0076e+18
9.1953 %% complete
fPOT = 5.24025e+18
9.61327 %% complete
fPOT = 5.51512e+18
10.0312 %% complete
fPOT = 5.88183e+18
10.4492 %% complete
fPOT = 6.24696e+18
10.8672 %% complete
fPOT = 6.57782e+18
11.2851 %% complete
fPOT = 6.95535e+18
11.7031 %% complete
fPOT = 7.39414e+18
12.1211 %% complete
fPOT = 7.83234e+18
12.539 %% complete
fPOT = 8.23695e+18
12.957 %% complete
fPOT = 8.67736e+18
13.375 %% complete
fPOT = 9.032e+18
13.793 %% complete
fPOT = 9.41379e+18
14.2109 %% complete
fPOT = 9.74386e+18
14.6289 %% complete
fPOT = 1.00702e+19
15.0469 %% complete
fPOT = 1.04931e+19
15.4648 %% complete
fPOT = 1.08697e+19
15.8828 %% complete
fPOT = 1.12174e+19
16.3008 %% complete
fPOT = 1.16173e+19
16.7187 %% complete
fPOT = 1.20289e+19
17.1367 %% complete
fPOT = 1.24925e+19
17.5547 %% complete
fPOT = 1.2875e+19
17.9726 %% complete
fPOT = 1.31691e+19
18.3906 %% complete
fPOT = 1.34432e+19
18.8086 %% complete
fPOT = 1.36175e+19
19.2265 %% complete
fPOT = 1.38994e+19
19.6445 %% complete
fPOT = 1.42213e+19
20.0625 %% complete
fPOT = 1.45543e+19
20.4804 %% complete
fPOT = 1.49299e+19
20.8984 %% complete
fPOT = 1.52514e+19
21.3164 %% complete
fPOT = 1.55762e+19
21.7344 %% complete
fPOT = 1.58992e+19
22.1523 %% complete
fPOT = 1.62201e+19
22.5703 %% complete
fPOT = 1.65423e+19
22.9883 %% complete
fPOT = 1.68598e+19
23.4062 %% complete
fPOT = 1.71777e+19
23.8242 %% complete
fPOT = 1.74959e+19
24.2422 %% complete
fPOT = 1.7815e+19
24.6601 %% complete
fPOT = 1.81355e+19
25.0781 %% complete
fPOT = 1.8454e+19
25.4961 %% complete
fPOT = 1.87976e+19
25.914 %% complete
fPOT = 1.91518e+19
26.332 %% complete
fPOT = 1.94887e+19
26.75 %% complete
fPOT = 1.98031e+19
27.1679 %% complete
fPOT = 2.01189e+19
27.5859 %% complete
fPOT = 2.04361e+19
28.0039 %% complete
fPOT = 2.07514e+19
28.4218 %% complete
fPOT = 2.1065e+19
28.8398 %% complete
fPOT = 2.13518e+19
29.2578 %% complete
fPOT = 2.16706e+19
29.6757 %% complete
fPOT = 2.20014e+19
30.0937 %% complete
fPOT = 2.24075e+19
30.5117 %% complete
fPOT = 2.28397e+19
30.9297 %% complete
fPOT = 2.31607e+19
31.3476 %% complete
fPOT = 2.34463e+19
31.7656 %% complete
fPOT = 2.38046e+19
32.1836 %% complete
fPOT = 2.41735e+19
32.6015 %% complete
fPOT = 2.4598e+19
33.0195 %% complete
fPOT = 2.49556e+19
33.4375 %% complete
fPOT = 2.53237e+19
33.8554 %% complete
fPOT = 2.57047e+19
34.2734 %% complete
fPOT = 2.60582e+19
34.6914 %% complete
fPOT = 2.64015e+19
35.1093 %% complete
fPOT = 2.67701e+19
35.5273 %% complete
fPOT = 2.70217e+19
35.9453 %% complete
fPOT = 2.73968e+19
36.3632 %% complete
fPOT = 2.77792e+19
36.7812 %% complete
fPOT = 2.81509e+19
37.1992 %% complete
fPOT = 2.85318e+19
37.6171 %% complete
fPOT = 2.89078e+19
38.0351 %% complete
fPOT = 2.92506e+19
38.4531 %% complete
fPOT = 2.96168e+19
38.8711 %% complete
fPOT = 2.99908e+19
39.289 %% complete
fPOT = 3.03616e+19
39.707 %% complete
fPOT = 3.07435e+19
40.125 %% complete
fPOT = 3.11832e+19
40.5429 %% complete
fPOT = 3.16549e+19
40.9609 %% complete
fPOT = 3.21436e+19
41.3789 %% complete
fPOT = 3.27393e+19
41.7968 %% complete
fPOT = 3.33334e+19
42.2148 %% complete
fPOT = 3.3931e+19
42.6328 %% complete
fPOT = 3.45184e+19
43.0507 %% complete
fPOT = 3.51117e+19
43.4687 %% complete
fPOT = 3.57003e+19
43.8867 %% complete
fPOT = 3.62766e+19
44.3046 %% complete
fPOT = 3.69054e+19
44.7226 %% complete
fPOT = 3.7528e+19
45.1406 %% complete
fPOT = 3.816e+19
45.5585 %% complete
fPOT = 3.87925e+19
45.9765 %% complete
fPOT = 3.94224e+19
46.3945 %% complete
fPOT = 4.00516e+19
46.8124 %% complete
fPOT = 4.06806e+19
47.2304 %% complete
fPOT = 4.13524e+19
47.6484 %% complete
fPOT = 4.2039e+19
48.0664 %% complete
fPOT = 4.27283e+19
48.4843 %% complete
fPOT = 4.3408e+19
48.9023 %% complete
fPOT = 4.40944e+19
49.3203 %% complete
fPOT = 4.47824e+19
49.7382 %% complete
fPOT = 4.54967e+19
50.1562 %% complete
fPOT = 4.62429e+19
50.5742 %% complete
fPOT = 4.69888e+19
50.9921 %% complete
fPOT = 4.77349e+19
51.4101 %% complete
fPOT = 4.84572e+19
51.8281 %% complete
fPOT = 4.9159e+19
52.246 %% complete
fPOT = 4.98875e+19
52.664 %% complete
fPOT = 5.0628e+19
53.082 %% complete
fPOT = 5.13751e+19
53.4999 %% complete
fPOT = 5.21176e+19
53.9179 %% complete
fPOT = 5.28662e+19
54.3359 %% complete
fPOT = 5.36152e+19
54.7538 %% complete
fPOT = 5.43613e+19
55.1718 %% complete
fPOT = 5.51065e+19
55.5898 %% complete
fPOT = 5.5849e+19
56.0078 %% complete
fPOT = 5.65903e+19
56.4257 %% complete
fPOT = 5.73356e+19
56.8437 %% complete
fPOT = 5.80814e+19
57.2617 %% complete
fPOT = 5.88249e+19
57.6796 %% complete
fPOT = 5.9569e+19
58.0976 %% complete
fPOT = 6.03091e+19
58.5156 %% complete
fPOT = 6.10539e+19
58.9335 %% complete
fPOT = 6.17935e+19
59.3515 %% complete
fPOT = 6.25328e+19
59.7695 %% complete
fPOT = 6.32718e+19
60.1874 %% complete
fPOT = 6.40102e+19
60.6054 %% complete
fPOT = 6.47473e+19
61.0234 %% complete
fPOT = 6.54851e+19
61.4413 %% complete
fPOT = 6.62242e+19
61.8593 %% complete
fPOT = 6.69638e+19
62.2773 %% complete
fPOT = 6.77031e+19
62.6952 %% complete
fPOT = 6.844e+19
63.1132 %% complete
fPOT = 6.91791e+19
63.5312 %% complete
fPOT = 6.97503e+19
63.9491 %% complete
fPOT = 7.02949e+19
64.3671 %% complete
fPOT = 7.08037e+19
64.7851 %% complete
fPOT = 7.14906e+19
65.2031 %% complete
fPOT = 7.21807e+19
65.621 %% complete
fPOT = 7.28677e+19
66.039 %% complete
fPOT = 7.35531e+19
66.457 %% complete
fPOT = 7.42375e+19
66.8749 %% complete
fPOT = 7.49225e+19
67.2929 %% complete
fPOT = 7.56058e+19
67.7109 %% complete
fPOT = 7.62885e+19
68.1288 %% complete
fPOT = 7.69734e+19
68.5468 %% complete
fPOT = 7.76577e+19
68.9648 %% complete
fPOT = 7.834e+19
69.3827 %% complete
fPOT = 7.90076e+19
69.8007 %% complete
fPOT = 7.96588e+19
70.2187 %% complete
fPOT = 8.03493e+19
70.6366 %% complete
fPOT = 8.10416e+19
71.0546 %% complete
fPOT = 8.17358e+19
71.4726 %% complete
fPOT = 8.24244e+19
71.8905 %% complete
fPOT = 8.31201e+19
72.3085 %% complete
fPOT = 8.38161e+19
72.7265 %% complete
fPOT = 8.45084e+19
73.1445 %% complete
fPOT = 8.52637e+19
73.5624 %% complete
fPOT = 8.6044e+19
73.9804 %% complete
fPOT = 8.68564e+19
74.3984 %% complete
fPOT = 8.76695e+19
74.8163 %% complete
fPOT = 8.84829e+19
75.2343 %% complete
fPOT = 8.92972e+19
75.6523 %% complete
fPOT = 9.01091e+19
76.0702 %% complete
fPOT = 9.09255e+19
76.4882 %% complete
fPOT = 9.17398e+19
76.9062 %% complete
fPOT = 9.25531e+19
77.3241 %% complete
fPOT = 9.33423e+19
77.7421 %% complete
fPOT = 9.41411e+19
78.1601 %% complete
fPOT = 9.49035e+19
78.578 %% complete
fPOT = 9.57086e+19
78.996 %% complete
fPOT = 9.65252e+19
79.414 %% complete
fPOT = 9.73405e+19
79.8319 %% complete
fPOT = 9.81536e+19
80.2499 %% complete
fPOT = 9.88967e+19
80.6679 %% complete
fPOT = 9.97142e+19
81.0858 %% complete
fPOT = 1.00522e+20
81.5038 %% complete
fPOT = 1.01336e+20
81.9218 %% complete
fPOT = 1.02191e+20
82.3398 %% complete
fPOT = 1.0307e+20
82.7577 %% complete
fPOT = 1.03943e+20
83.1757 %% complete
fPOT = 1.04827e+20
83.5937 %% complete
fPOT = 1.05691e+20
84.0116 %% complete
fPOT = 1.06562e+20
84.4296 %% complete
fPOT = 1.07442e+20
84.8476 %% complete
fPOT = 1.08321e+20
85.2655 %% complete
fPOT = 1.09204e+20
85.6835 %% complete
fPOT = 1.10084e+20
86.1015 %% complete
fPOT = 1.10965e+20
86.5194 %% complete
fPOT = 1.11759e+20
86.9374 %% complete
fPOT = 1.1249e+20
87.3554 %% complete
fPOT = 1.13225e+20
87.7733 %% complete
fPOT = 1.13962e+20
88.1913 %% complete
fPOT = 1.14695e+20
88.6093 %% complete
fPOT = 1.15324e+20
89.0272 %% complete
fPOT = 1.16173e+20
89.4452 %% complete
fPOT = 1.1703e+20
89.8632 %% complete
fPOT = 1.17893e+20
90.2812 %% complete
fPOT = 1.18759e+20
90.6991 %% complete
fPOT = 1.19626e+20
91.1171 %% complete
fPOT = 1.20494e+20
91.5351 %% complete
fPOT = 1.21365e+20
91.953 %% complete
fPOT = 1.22161e+20
92.371 %% complete
fPOT = 1.22795e+20
92.789 %% complete
fPOT = 1.2343e+20
93.2069 %% complete
fPOT = 1.24064e+20
93.6249 %% complete
fPOT = 1.24703e+20
94.0429 %% complete
fPOT = 1.25393e+20
94.4608 %% complete
fPOT = 1.26207e+20
94.8788 %% complete
fPOT = 1.27041e+20
95.2968 %% complete
fPOT = 1.27884e+20
95.7147 %% complete
fPOT = 1.28756e+20
96.1327 %% complete
fPOT = 1.29637e+20
96.5507 %% complete
fPOT = 1.30516e+20
96.9686 %% complete
fPOT = 1.31409e+20
97.3866 %% complete
fPOT = 1.32193e+20
97.8046 %% complete
fPOT = 1.33092e+20
98.2225 %% complete
fPOT = 1.3399e+20
98.6405 %% complete
fPOT = 1.3489e+20
99.0585 %% complete
fPOT = 1.35792e+20
99.4765 %% complete
fPOT = 1.36693e+20
99.8944 %% complete
fPOT = 1.37596e+20
filled tree
NTree = 9665
final fPOT = 1.37825e+20
